# JRE version: OpenJDK Runtime Environment Temurin-17.0.8.1+1 (17.0.8.1+1) (build 17.0.8.1+1)
# Java VM: OpenJDK 64-Bit Server VM Temurin-17.0.8.1+1 (17.0.8.1+1, mixed mode, emulated-client, tiered, compressed oops, compressed class ptrs, g1 gc, windows-amd64)
GC Precious Log:
 CPUs: 4 total, 4 available
 Memory: 8081M
 Large Page Support: Disabled
 NUMA Support: Disabled
 Compressed Oops: Enabled (32-bit)
 Heap Region Size: 1M
 Heap Min Capacity: 8M
 Heap Initial Capacity: 128M
 Heap Max Capacity: 1G
 Pre-touch: Disabled
 Parallel Workers: 4
 Concurrent Workers: 1
 Concurrent Refinement Workers: 4
 Periodic GC: Disabled
Heap:
 garbage-first heap   total 51200K, used 17653K [0x00000000c0000000, 0x0000000100000000)
  region size 1024K, 1 young (1024K), 0 survivors (0K)
 Metaspace       used 38395K, committed 38912K, reserved 1114112K
  class space    used 5057K, committed 5248K, reserved 1048576K
GC Heap History (20 events):
Event: 108826.869 GC heap before
{Heap before GC invocations=1526 (full 1514):
 garbage-first heap   total 51200K, used 17653K [0x00000000c0000000, 0x0000000100000000)
  region size 1024K, 1 young (1024K), 0 survivors (0K)
 Metaspace       used 38395K, committed 38912K, reserved 1114112K
  class space    used 5057K, committed 5248K, reserved 1048576K
}
Event: 108826.896 GC heap after
{Heap after GC invocations=1527 (full 1515):
 garbage-first heap   total 51200K, used 17653K [0x00000000c0000000, 0x0000000100000000)
  region size 1024K, 0 young (0K), 0 survivors (0K)
 Metaspace       used 38395K, committed 38912K, reserved 1114112K
  class space    used 5057K, committed 5248K, reserved 1048576K
}
Event: 108837.125 GC heap before
{Heap before GC invocations=1527 (full 1515):
 garbage-first heap   total 51200K, used 17653K [0x00000000c0000000, 0x0000000100000000)
  region size 1024K, 1 young (1024K), 0 survivors (0K)
 Metaspace       used 38395K, committed 38912K, reserved 1114112K
  class space    used 5057K, committed 5248K, reserved 1048576K
}
Event: 108837.157 GC heap after
{Heap after GC invocations=1528 (full 1516):
 garbage-first heap   total 51200K, used 17653K [0x00000000c0000000, 0x0000000100000000)
  region size 1024K, 0 young (0K), 0 survivors (0K)
 Metaspace       used 38395K, committed 38912K, reserved 1114112K
  class space    used 5057K, committed 5248K, reserved 1048576K
}
Event: 108847.330 GC heap before
{Heap before GC invocations=1528 (full 1516):
 garbage-first heap   total 51200K, used 17653K [0x00000000c0000000, 0x0000000100000000)
  region size 1024K, 1 young (1024K), 0 survivors (0K)
 Metaspace       used 38395K, committed 38912K, reserved 1114112K
  class space    used 5057K, committed 5248K, reserved 1048576K
}
Event: 108847.357 GC heap after
{Heap after GC invocations=1529 (full 1517):
 garbage-first heap   total 51200K, used 17653K [0x00000000c0000000, 0x0000000100000000)
  region size 1024K, 0 young (0K), 0 survivors (0K)
 Metaspace       used 38395K, committed 38912K, reserved 1114112K
  class space    used 5057K, committed 5248K, reserved 1048576K
}
Event: 108857.528 GC heap before
{Heap before GC invocations=1529 (full 1517):
 garbage-first heap   total 51200K, used 17653K [0x00000000c0000000, 0x0000000100000000)
  region size 1024K, 1 young (1024K), 0 survivors (0K)
 Metaspace       used 38395K, committed 38912K, reserved 1114112K
  class space    used 5057K, committed 5248K, reserved 1048576K
}
Event: 108857.554 GC heap after
{Heap after GC invocations=1530 (full 1518):
 garbage-first heap   total 51200K, used 17653K [0x00000000c0000000, 0x0000000100000000)
  region size 1024K, 0 young (0K), 0 survivors (0K)
 Metaspace       used 38395K, committed 38912K, reserved 1114112K
  class space    used 5057K, committed 5248K, reserved 1048576K
}
Event: 108867.730 GC heap before
{Heap before GC invocations=1530 (full 1518):
 garbage-first heap   total 51200K, used 17653K [0x00000000c0000000, 0x0000000100000000)
  region size 1024K, 1 young (1024K), 0 survivors (0K)
 Metaspace       used 38395K, committed 38912K, reserved 1114112K
  class space    used 5057K, committed 5248K, reserved 1048576K
}
Event: 108867.759 GC heap after
{Heap after GC invocations=1531 (full 1519):
 garbage-first heap   total 51200K, used 17653K [0x00000000c0000000, 0x0000000100000000)
  region size 1024K, 0 young (0K), 0 survivors (0K)
 Metaspace       used 38395K, committed 38912K, reserved 1114112K
  class space    used 5057K, committed 5248K, reserved 1048576K
}
Event: 108877.930 GC heap before
{Heap before GC invocations=1531 (full 1519):
 garbage-first heap   total 51200K, used 17653K [0x00000000c0000000, 0x0000000100000000)
  region size 1024K, 1 young (1024K), 0 survivors (0K)
 Metaspace       used 38395K, committed 38912K, reserved 1114112K
  class space    used 5057K, committed 5248K, reserved 1048576K
}
Event: 108877.958 GC heap after
{Heap after GC invocations=1532 (full 1520):
 garbage-first heap   total 51200K, used 17653K [0x00000000c0000000, 0x0000000100000000)
  region size 1024K, 0 young (0K), 0 survivors (0K)
 Metaspace       used 38395K, committed 38912K, reserved 1114112K
  class space    used 5057K, committed 5248K, reserved 1048576K
}
Event: 108888.104 GC heap before
{Heap before GC invocations=1532 (full 1520):
 garbage-first heap   total 51200K, used 17653K [0x00000000c0000000, 0x0000000100000000)
  region size 1024K, 1 young (1024K), 0 survivors (0K)
 Metaspace       used 38395K, committed 38912K, reserved 1114112K
  class space    used 5057K, committed 5248K, reserved 1048576K
}
Event: 108888.131 GC heap after
{Heap after GC invocations=1533 (full 1521):
 garbage-first heap   total 51200K, used 17653K [0x00000000c0000000, 0x0000000100000000)
  region size 1024K, 0 young (0K), 0 survivors (0K)
 Metaspace       used 38395K, committed 38912K, reserved 1114112K
  class space    used 5057K, committed 5248K, reserved 1048576K
}
Event: 108898.297 GC heap before
{Heap before GC invocations=1533 (full 1521):
 garbage-first heap   total 51200K, used 17653K [0x00000000c0000000, 0x0000000100000000)
  region size 1024K, 1 young (1024K), 0 survivors (0K)
 Metaspace       used 38395K, committed 38912K, reserved 1114112K
  class space    used 5057K, committed 5248K, reserved 1048576K
}
Event: 108898.326 GC heap after
{Heap after GC invocations=1534 (full 1522):
 garbage-first heap   total 51200K, used 17653K [0x00000000c0000000, 0x0000000100000000)
  region size 1024K, 0 young (0K), 0 survivors (0K)
 Metaspace       used 38395K, committed 38912K, reserved 1114112K
  class space    used 5057K, committed 5248K, reserved 1048576K
}
Event: 108908.472 GC heap before
{Heap before GC invocations=1534 (full 1522):
 garbage-first heap   total 51200K, used 17653K [0x00000000c0000000, 0x0000000100000000)
  region size 1024K, 1 young (1024K), 0 survivors (0K)
 Metaspace       used 38395K, committed 38912K, reserved 1114112K
  class space    used 5057K, committed 5248K, reserved 1048576K
}
Event: 108908.501 GC heap after
{Heap after GC invocations=1535 (full 1523):
 garbage-first heap   total 51200K, used 17653K [0x00000000c0000000, 0x0000000100000000)
  region size 1024K, 0 young (0K), 0 survivors (0K)
 Metaspace       used 38395K, committed 38912K, reserved 1114112K
  class space    used 5057K, committed 5248K, reserved 1048576K
}
Event: 108918.710 GC heap before
{Heap before GC invocations=1535 (full 1523):
 garbage-first heap   total 51200K, used 17653K [0x00000000c0000000, 0x0000000100000000)
  region size 1024K, 1 young (1024K), 0 survivors (0K)
 Metaspace       used 38395K, committed 38912K, reserved 1114112K
  class space    used 5057K, committed 5248K, reserved 1048576K
}
Event: 108918.742 GC heap after
{Heap after GC invocations=1536 (full 1524):
 garbage-first heap   total 51200K, used 17653K [0x00000000c0000000, 0x0000000100000000)
  region size 1024K, 0 young (0K), 0 survivors (0K)
 Metaspace       used 38395K, committed 38912K, reserved 1114112K
  class space    used 5057K, committed 5248K, reserved 1048576K
}

