# JRE version: OpenJDK Runtime Environment Temurin-17.0.7+7 (17.0.7+7) (build 17.0.7+7)
# Java VM: OpenJDK 64-Bit Server VM Temurin-17.0.7+7 (17.0.7+7, mixed mode, emulated-client, tiered, compressed oops, compressed class ptrs, g1 gc, windows-amd64)
GC Precious Log:
 CPUs: 4 total, 4 available
 Memory: 8081M
 Large Page Support: Disabled
 NUMA Support: Disabled
 Compressed Oops: Enabled (32-bit)
 Heap Region Size: 1M
 Heap Min Capacity: 8M
 Heap Initial Capacity: 128M
 Heap Max Capacity: 1G
 Pre-touch: Disabled
 Parallel Workers: 4
 Concurrent Workers: 1
 Concurrent Refinement Workers: 4
 Periodic GC: Disabled
Heap:
 garbage-first heap   total 61440K, used 18146K [0x00000000c0000000, 0x0000000100000000)
  region size 1024K, 1 young (1024K), 0 survivors (0K)
 Metaspace       used 37044K, committed 37568K, reserved 1114112K
  class space    used 4795K, committed 4992K, reserved 1048576K
GC Heap History (20 events):
Event: 274626.724 GC heap before
{Heap before GC invocations=8859 (full 8849):
 garbage-first heap   total 61440K, used 18146K [0x00000000c0000000, 0x0000000100000000)
  region size 1024K, 1 young (1024K), 0 survivors (0K)
 Metaspace       used 37044K, committed 37568K, reserved 1114112K
  class space    used 4795K, committed 4992K, reserved 1048576K
}
Event: 274626.752 GC heap after
{Heap after GC invocations=8860 (full 8850):
 garbage-first heap   total 61440K, used 18146K [0x00000000c0000000, 0x0000000100000000)
  region size 1024K, 0 young (0K), 0 survivors (0K)
 Metaspace       used 37044K, committed 37568K, reserved 1114112K
  class space    used 4795K, committed 4992K, reserved 1048576K
}
Event: 274637.195 GC heap before
{Heap before GC invocations=8860 (full 8850):
 garbage-first heap   total 61440K, used 18146K [0x00000000c0000000, 0x0000000100000000)
  region size 1024K, 1 young (1024K), 0 survivors (0K)
 Metaspace       used 37044K, committed 37568K, reserved 1114112K
  class space    used 4795K, committed 4992K, reserved 1048576K
}
Event: 274637.226 GC heap after
{Heap after GC invocations=8861 (full 8851):
 garbage-first heap   total 61440K, used 18146K [0x00000000c0000000, 0x0000000100000000)
  region size 1024K, 0 young (0K), 0 survivors (0K)
 Metaspace       used 37044K, committed 37568K, reserved 1114112K
  class space    used 4795K, committed 4992K, reserved 1048576K
}
Event: 274647.511 GC heap before
{Heap before GC invocations=8861 (full 8851):
 garbage-first heap   total 61440K, used 18146K [0x00000000c0000000, 0x0000000100000000)
  region size 1024K, 1 young (1024K), 0 survivors (0K)
 Metaspace       used 37044K, committed 37568K, reserved 1114112K
  class space    used 4795K, committed 4992K, reserved 1048576K
}
Event: 274647.540 GC heap after
{Heap after GC invocations=8862 (full 8852):
 garbage-first heap   total 61440K, used 18146K [0x00000000c0000000, 0x0000000100000000)
  region size 1024K, 0 young (0K), 0 survivors (0K)
 Metaspace       used 37044K, committed 37568K, reserved 1114112K
  class space    used 4795K, committed 4992K, reserved 1048576K
}
Event: 274657.961 GC heap before
{Heap before GC invocations=8862 (full 8852):
 garbage-first heap   total 61440K, used 18146K [0x00000000c0000000, 0x0000000100000000)
  region size 1024K, 1 young (1024K), 0 survivors (0K)
 Metaspace       used 37044K, committed 37568K, reserved 1114112K
  class space    used 4795K, committed 4992K, reserved 1048576K
}
Event: 274657.993 GC heap after
{Heap after GC invocations=8863 (full 8853):
 garbage-first heap   total 61440K, used 18146K [0x00000000c0000000, 0x0000000100000000)
  region size 1024K, 0 young (0K), 0 survivors (0K)
 Metaspace       used 37044K, committed 37568K, reserved 1114112K
  class space    used 4795K, committed 4992K, reserved 1048576K
}
Event: 274668.158 GC heap before
{Heap before GC invocations=8863 (full 8853):
 garbage-first heap   total 61440K, used 18146K [0x00000000c0000000, 0x0000000100000000)
  region size 1024K, 1 young (1024K), 0 survivors (0K)
 Metaspace       used 37044K, committed 37568K, reserved 1114112K
  class space    used 4795K, committed 4992K, reserved 1048576K
}
Event: 274668.187 GC heap after
{Heap after GC invocations=8864 (full 8854):
 garbage-first heap   total 61440K, used 18146K [0x00000000c0000000, 0x0000000100000000)
  region size 1024K, 0 young (0K), 0 survivors (0K)
 Metaspace       used 37044K, committed 37568K, reserved 1114112K
  class space    used 4795K, committed 4992K, reserved 1048576K
}
Event: 274678.346 GC heap before
{Heap before GC invocations=8864 (full 8854):
 garbage-first heap   total 61440K, used 18146K [0x00000000c0000000, 0x0000000100000000)
  region size 1024K, 1 young (1024K), 0 survivors (0K)
 Metaspace       used 37044K, committed 37568K, reserved 1114112K
  class space    used 4795K, committed 4992K, reserved 1048576K
}
Event: 274678.374 GC heap after
{Heap after GC invocations=8865 (full 8855):
 garbage-first heap   total 61440K, used 18146K [0x00000000c0000000, 0x0000000100000000)
  region size 1024K, 0 young (0K), 0 survivors (0K)
 Metaspace       used 37044K, committed 37568K, reserved 1114112K
  class space    used 4795K, committed 4992K, reserved 1048576K
}
Event: 274688.713 GC heap before
{Heap before GC invocations=8865 (full 8855):
 garbage-first heap   total 61440K, used 18146K [0x00000000c0000000, 0x0000000100000000)
  region size 1024K, 1 young (1024K), 0 survivors (0K)
 Metaspace       used 37044K, committed 37568K, reserved 1114112K
  class space    used 4795K, committed 4992K, reserved 1048576K
}
Event: 274688.743 GC heap after
{Heap after GC invocations=8866 (full 8856):
 garbage-first heap   total 61440K, used 18146K [0x00000000c0000000, 0x0000000100000000)
  region size 1024K, 0 young (0K), 0 survivors (0K)
 Metaspace       used 37044K, committed 37568K, reserved 1114112K
  class space    used 4795K, committed 4992K, reserved 1048576K
}
Event: 274699.018 GC heap before
{Heap before GC invocations=8866 (full 8856):
 garbage-first heap   total 61440K, used 18146K [0x00000000c0000000, 0x0000000100000000)
  region size 1024K, 1 young (1024K), 0 survivors (0K)
 Metaspace       used 37044K, committed 37568K, reserved 1114112K
  class space    used 4795K, committed 4992K, reserved 1048576K
}
Event: 274699.046 GC heap after
{Heap after GC invocations=8867 (full 8857):
 garbage-first heap   total 61440K, used 18146K [0x00000000c0000000, 0x0000000100000000)
  region size 1024K, 0 young (0K), 0 survivors (0K)
 Metaspace       used 37044K, committed 37568K, reserved 1114112K
  class space    used 4795K, committed 4992K, reserved 1048576K
}
Event: 274709.649 GC heap before
{Heap before GC invocations=8867 (full 8857):
 garbage-first heap   total 61440K, used 18146K [0x00000000c0000000, 0x0000000100000000)
  region size 1024K, 1 young (1024K), 0 survivors (0K)
 Metaspace       used 37044K, committed 37568K, reserved 1114112K
  class space    used 4795K, committed 4992K, reserved 1048576K
}
Event: 274709.679 GC heap after
{Heap after GC invocations=8868 (full 8858):
 garbage-first heap   total 61440K, used 18146K [0x00000000c0000000, 0x0000000100000000)
  region size 1024K, 0 young (0K), 0 survivors (0K)
 Metaspace       used 37044K, committed 37568K, reserved 1114112K
  class space    used 4795K, committed 4992K, reserved 1048576K
}
Event: 274719.793 GC heap before
{Heap before GC invocations=8868 (full 8858):
 garbage-first heap   total 61440K, used 18146K [0x00000000c0000000, 0x0000000100000000)
  region size 1024K, 1 young (1024K), 0 survivors (0K)
 Metaspace       used 37044K, committed 37568K, reserved 1114112K
  class space    used 4795K, committed 4992K, reserved 1048576K
}
Event: 274719.824 GC heap after
{Heap after GC invocations=8869 (full 8859):
 garbage-first heap   total 61440K, used 18146K [0x00000000c0000000, 0x0000000100000000)
  region size 1024K, 0 young (0K), 0 survivors (0K)
 Metaspace       used 37044K, committed 37568K, reserved 1114112K
  class space    used 4795K, committed 4992K, reserved 1048576K
}

